<?xml version="1.0" encoding="UTF-8"?>
<!-- Generated by org.testng.reporters.JUnitReportReporter -->
<testsuite hostname="Mukul" failures="0" tests="11" name="stepdefinitions.ParallelRun" time="9.142" errors="11" timestamp="03 Mar 2021 03:12:50 GMT" skipped="0">
  <testcase classname="stepdefinitions.ParallelRun" name="runScenario" time="0.788">
    <error message="Cannot invoke &quot;org.openqa.selenium.WebDriver.get(String)&quot; because the return value of &quot;com.qa.factory.DriverFactory.getDriver()&quot; is null" type="java.lang.NullPointerException">
      <![CDATA[java.lang.NullPointerException: Cannot invoke "org.openqa.selenium.WebDriver.get(String)" because the return value of "com.qa.factory.DriverFactory.getDriver()" is null
at stepdefinitions.ContactUsSteps.user_navigates_to_contact_us_page(ContactUsSteps.java:22)
at ✽.user navigates to contact us page(file:///C:/Users/mukul/FrameWork/LatestCucumber6WithPOM/src/test/resources/AppFeatures/ContactUs.feature:4)
]]>
    </error>
  </testcase> <!-- runScenario -->
  <testcase classname="stepdefinitions.ParallelRun" name="runScenario" time="0.797">
    <error message="Cannot invoke &quot;org.openqa.selenium.WebDriver.get(String)&quot; because the return value of &quot;com.qa.factory.DriverFactory.getDriver()&quot; is null" type="java.lang.NullPointerException">
      <![CDATA[java.lang.NullPointerException: Cannot invoke "org.openqa.selenium.WebDriver.get(String)" because the return value of "com.qa.factory.DriverFactory.getDriver()" is null
at stepdefinitions.ContactUsSteps.user_navigates_to_contact_us_page(ContactUsSteps.java:22)
at ✽.user navigates to contact us page(file:///C:/Users/mukul/FrameWork/LatestCucumber6WithPOM/src/test/resources/AppFeatures/ContactUs.feature:4)
]]>
    </error>
  </testcase> <!-- runScenario -->
  <testcase classname="stepdefinitions.ParallelRun" name="runScenario" time="0.888">
    <error message="Cannot invoke &quot;org.openqa.selenium.WebDriver.get(String)&quot; because the return value of &quot;com.qa.factory.DriverFactory.getDriver()&quot; is null" type="java.lang.NullPointerException">
      <![CDATA[java.lang.NullPointerException: Cannot invoke "org.openqa.selenium.WebDriver.get(String)" because the return value of "com.qa.factory.DriverFactory.getDriver()" is null
at stepdefinitions.ContactUsSteps.user_navigates_to_contact_us_page(ContactUsSteps.java:22)
at ✽.user navigates to contact us page(file:///C:/Users/mukul/FrameWork/LatestCucumber6WithPOM/src/test/resources/AppFeatures/ContactUs.feature:4)
]]>
    </error>
  </testcase> <!-- runScenario -->
  <testcase classname="stepdefinitions.ParallelRun" name="runScenario" time="0.961">
    <error message="Cannot invoke &quot;org.openqa.selenium.WebDriver.get(String)&quot; because the return value of &quot;com.qa.factory.DriverFactory.getDriver()&quot; is null" type="java.lang.NullPointerException">
      <![CDATA[java.lang.NullPointerException: Cannot invoke "org.openqa.selenium.WebDriver.get(String)" because the return value of "com.qa.factory.DriverFactory.getDriver()" is null
at stepdefinitions.ContactUsSteps.user_navigates_to_contact_us_page(ContactUsSteps.java:22)
at ✽.user navigates to contact us page(file:///C:/Users/mukul/FrameWork/LatestCucumber6WithPOM/src/test/resources/AppFeatures/ContactUs.feature:4)
]]>
    </error>
  </testcase> <!-- runScenario -->
  <testcase classname="stepdefinitions.ParallelRun" name="runScenario" time="0.998">
    <error message="Cannot invoke &quot;org.openqa.selenium.WebDriver.get(String)&quot; because the return value of &quot;com.qa.factory.DriverFactory.getDriver()&quot; is null" type="java.lang.NullPointerException">
      <![CDATA[java.lang.NullPointerException: Cannot invoke "org.openqa.selenium.WebDriver.get(String)" because the return value of "com.qa.factory.DriverFactory.getDriver()" is null
at stepdefinitions.AccountsPageSteps.user_has_already_logged_in_to_application(AccountsPageSteps.java:27)
at ✽.user has already logged in to application(file:///C:/Users/mukul/FrameWork/LatestCucumber6WithPOM/src/test/resources/AppFeatures/AccountsPage.feature:4)
]]>
    </error>
  </testcase> <!-- runScenario -->
  <testcase classname="stepdefinitions.ParallelRun" name="runScenario" time="0.250">
    <error message="Cannot invoke &quot;org.openqa.selenium.WebDriver.get(String)&quot; because the return value of &quot;com.qa.factory.DriverFactory.getDriver()&quot; is null" type="java.lang.NullPointerException">
      <![CDATA[java.lang.NullPointerException: Cannot invoke "org.openqa.selenium.WebDriver.get(String)" because the return value of "com.qa.factory.DriverFactory.getDriver()" is null
at stepdefinitions.LoginPageSteps.user_is_on_login_page(LoginPageSteps.java:22)
at ✽.user is on login page(file:///C:/Users/mukul/FrameWork/LatestCucumber6WithPOM/src/test/resources/AppFeatures/LoginPage.feature:13)
]]>
    </error>
  </testcase> <!-- runScenario -->
  <testcase classname="stepdefinitions.ParallelRun" name="runScenario" time="1.010">
    <error message="Cannot invoke &quot;org.openqa.selenium.WebDriver.get(String)&quot; because the return value of &quot;com.qa.factory.DriverFactory.getDriver()&quot; is null" type="java.lang.NullPointerException">
      <![CDATA[java.lang.NullPointerException: Cannot invoke "org.openqa.selenium.WebDriver.get(String)" because the return value of "com.qa.factory.DriverFactory.getDriver()" is null
at stepdefinitions.AccountsPageSteps.user_has_already_logged_in_to_application(AccountsPageSteps.java:27)
at ✽.user has already logged in to application(file:///C:/Users/mukul/FrameWork/LatestCucumber6WithPOM/src/test/resources/AppFeatures/AccountsPage.feature:4)
]]>
    </error>
  </testcase> <!-- runScenario -->
  <testcase classname="stepdefinitions.ParallelRun" name="runScenario" time="0.890">
    <error message="Cannot invoke &quot;org.openqa.selenium.WebDriver.get(String)&quot; because the return value of &quot;com.qa.factory.DriverFactory.getDriver()&quot; is null" type="java.lang.NullPointerException">
      <![CDATA[java.lang.NullPointerException: Cannot invoke "org.openqa.selenium.WebDriver.get(String)" because the return value of "com.qa.factory.DriverFactory.getDriver()" is null
at stepdefinitions.ContactUsSteps.user_navigates_to_contact_us_page(ContactUsSteps.java:22)
at ✽.user navigates to contact us page(file:///C:/Users/mukul/FrameWork/LatestCucumber6WithPOM/src/test/resources/AppFeatures/ContactUs.feature:4)
]]>
    </error>
  </testcase> <!-- runScenario -->
  <testcase classname="stepdefinitions.ParallelRun" name="runScenario" time="0.816">
    <error message="Cannot invoke &quot;org.openqa.selenium.WebDriver.get(String)&quot; because the return value of &quot;com.qa.factory.DriverFactory.getDriver()&quot; is null" type="java.lang.NullPointerException">
      <![CDATA[java.lang.NullPointerException: Cannot invoke "org.openqa.selenium.WebDriver.get(String)" because the return value of "com.qa.factory.DriverFactory.getDriver()" is null
at stepdefinitions.LoginPageSteps.user_is_on_login_page(LoginPageSteps.java:22)
at ✽.user is on login page(file:///C:/Users/mukul/FrameWork/LatestCucumber6WithPOM/src/test/resources/AppFeatures/LoginPage.feature:4)
]]>
    </error>
  </testcase> <!-- runScenario -->
  <testcase classname="stepdefinitions.ParallelRun" name="runScenario" time="0.908">
    <error message="Cannot invoke &quot;org.openqa.selenium.WebDriver.get(String)&quot; because the return value of &quot;com.qa.factory.DriverFactory.getDriver()&quot; is null" type="java.lang.NullPointerException">
      <![CDATA[java.lang.NullPointerException: Cannot invoke "org.openqa.selenium.WebDriver.get(String)" because the return value of "com.qa.factory.DriverFactory.getDriver()" is null
at stepdefinitions.ContactUsSteps.user_navigates_to_contact_us_page(ContactUsSteps.java:22)
at ✽.user navigates to contact us page(file:///C:/Users/mukul/FrameWork/LatestCucumber6WithPOM/src/test/resources/AppFeatures/ContactUs.feature:4)
]]>
    </error>
  </testcase> <!-- runScenario -->
  <testcase classname="stepdefinitions.ParallelRun" name="runScenario" time="0.836">
    <error message="Cannot invoke &quot;org.openqa.selenium.WebDriver.get(String)&quot; because the return value of &quot;com.qa.factory.DriverFactory.getDriver()&quot; is null" type="java.lang.NullPointerException">
      <![CDATA[java.lang.NullPointerException: Cannot invoke "org.openqa.selenium.WebDriver.get(String)" because the return value of "com.qa.factory.DriverFactory.getDriver()" is null
at stepdefinitions.LoginPageSteps.user_is_on_login_page(LoginPageSteps.java:22)
at ✽.user is on login page(file:///C:/Users/mukul/FrameWork/LatestCucumber6WithPOM/src/test/resources/AppFeatures/LoginPage.feature:9)
]]>
    </error>
  </testcase> <!-- runScenario -->
</testsuite> <!-- stepdefinitions.ParallelRun -->
